<?xml version="1.0" encoding="UTF-8"?>
<coverage generated="1678735794636" clover="3.2.0">
  <project timestamp="1678735794636" name="All files">
    <metrics statements="21" coveredstatements="21" conditionals="24" coveredconditionals="24" methods="6" coveredmethods="6" elements="51" coveredelements="51" complexity="0" loc="21" ncloc="21" packages="1" files="1" classes="1"/>
    <file name="operacoes.js" path="C:\Users\heric.ribeiro\Documents\TDD-2\src\operacoes.js">
      <metrics statements="21" coveredstatements="21" conditionals="24" coveredconditionals="24" methods="6" coveredmethods="6"/>
      <line num="2" count="5" type="cond" truecount="4" falsecount="0"/>
      <line num="3" count="1" type="stmt"/>
      <line num="6" count="4" type="stmt"/>
      <line num="10" count="5" type="cond" truecount="4" falsecount="0"/>
      <line num="11" count="1" type="stmt"/>
      <line num="14" count="4" type="stmt"/>
      <line num="18" count="8" type="cond" truecount="4" falsecount="0"/>
      <line num="19" count="1" type="stmt"/>
      <line num="22" count="7" type="stmt"/>
      <line num="27" count="9" type="cond" truecount="2" falsecount="0"/>
      <line num="28" count="1" type="stmt"/>
      <line num="31" count="8" type="cond" truecount="4" falsecount="0"/>
      <line num="32" count="1" type="stmt"/>
      <line num="36" count="7" type="stmt"/>
      <line num="40" count="9" type="cond" truecount="4" falsecount="0"/>
      <line num="41" count="1" type="stmt"/>
      <line num="44" count="8" type="stmt"/>
      <line num="48" count="9" type="cond" truecount="2" falsecount="0"/>
      <line num="49" count="1" type="stmt"/>
      <line num="52" count="8" type="stmt"/>
      <line num="56" count="1" type="stmt"/>
    </file>
  </project>
</coverage>
