{"C:\\Users\\heric.ribeiro\\Documents\\TDD-2\\src\\operacoes.js": {"path":"C:\\Users\\heric.ribeiro\\Documents\\TDD-2\\src\\operacoes.js","statementMap":{"0":{"start":{"line":2,"column":4},"end":{"line":4,"column":5}},"1":{"start":{"line":3,"column":8},"end":{"line":3,"column":32}},"2":{"start":{"line":6,"column":4},"end":{"line":6,"column":22}},"3":{"start":{"line":10,"column":4},"end":{"line":12,"column":5}},"4":{"start":{"line":11,"column":8},"end":{"line":11,"column":32}},"5":{"start":{"line":14,"column":4},"end":{"line":14,"column":22}},"6":{"start":{"line":18,"column":4},"end":{"line":20,"column":5}},"7":{"start":{"line":19,"column":8},"end":{"line":19,"column":32}},"8":{"start":{"line":22,"column":4},"end":{"line":22,"column":22}},"9":{"start":{"line":27,"column":4},"end":{"line":29,"column":5}},"10":{"start":{"line":28,"column":8},"end":{"line":28,"column":44}},"11":{"start":{"line":31,"column":4},"end":{"line":34,"column":5}},"12":{"start":{"line":32,"column":8},"end":{"line":32,"column":32}},"13":{"start":{"line":36,"column":4},"end":{"line":36,"column":22}},"14":{"start":{"line":40,"column":4},"end":{"line":42,"column":5}},"15":{"start":{"line":41,"column":8},"end":{"line":41,"column":32}},"16":{"start":{"line":44,"column":4},"end":{"line":44,"column":23}},"17":{"start":{"line":48,"column":4},"end":{"line":50,"column":5}},"18":{"start":{"line":49,"column":8},"end":{"line":49,"column":32}},"19":{"start":{"line":52,"column":4},"end":{"line":52,"column":33}},"20":{"start":{"line":56,"column":0},"end":{"line":63,"column":1}}},"fnMap":{"0":{"name":"sum","decl":{"start":{"line":1,"column":9},"end":{"line":1,"column":12}},"loc":{"start":{"line":1,"column":25},"end":{"line":7,"column":1}},"line":1},"1":{"name":"sub","decl":{"start":{"line":9,"column":9},"end":{"line":9,"column":12}},"loc":{"start":{"line":9,"column":25},"end":{"line":15,"column":1}},"line":9},"2":{"name":"mult","decl":{"start":{"line":17,"column":9},"end":{"line":17,"column":13}},"loc":{"start":{"line":17,"column":26},"end":{"line":23,"column":1}},"line":17},"3":{"name":"div","decl":{"start":{"line":25,"column":9},"end":{"line":25,"column":12}},"loc":{"start":{"line":25,"column":25},"end":{"line":37,"column":1}},"line":25},"4":{"name":"pot","decl":{"start":{"line":39,"column":9},"end":{"line":39,"column":12}},"loc":{"start":{"line":39,"column":25},"end":{"line":45,"column":1}},"line":39},"5":{"name":"raiz","decl":{"start":{"line":47,"column":9},"end":{"line":47,"column":13}},"loc":{"start":{"line":47,"column":20},"end":{"line":53,"column":1}},"line":47}},"branchMap":{"0":{"loc":{"start":{"line":2,"column":4},"end":{"line":4,"column":5}},"type":"if","locations":[{"start":{"line":2,"column":4},"end":{"line":4,"column":5}},{"start":{},"end":{}}],"line":2},"1":{"loc":{"start":{"line":2,"column":7},"end":{"line":2,"column":33}},"type":"binary-expr","locations":[{"start":{"line":2,"column":7},"end":{"line":2,"column":18}},{"start":{"line":2,"column":22},"end":{"line":2,"column":33}}],"line":2},"2":{"loc":{"start":{"line":10,"column":4},"end":{"line":12,"column":5}},"type":"if","locations":[{"start":{"line":10,"column":4},"end":{"line":12,"column":5}},{"start":{},"end":{}}],"line":10},"3":{"loc":{"start":{"line":10,"column":7},"end":{"line":10,"column":33}},"type":"binary-expr","locations":[{"start":{"line":10,"column":7},"end":{"line":10,"column":18}},{"start":{"line":10,"column":22},"end":{"line":10,"column":33}}],"line":10},"4":{"loc":{"start":{"line":18,"column":4},"end":{"line":20,"column":5}},"type":"if","locations":[{"start":{"line":18,"column":4},"end":{"line":20,"column":5}},{"start":{},"end":{}}],"line":18},"5":{"loc":{"start":{"line":18,"column":7},"end":{"line":18,"column":33}},"type":"binary-expr","locations":[{"start":{"line":18,"column":7},"end":{"line":18,"column":18}},{"start":{"line":18,"column":22},"end":{"line":18,"column":33}}],"line":18},"6":{"loc":{"start":{"line":27,"column":4},"end":{"line":29,"column":5}},"type":"if","locations":[{"start":{"line":27,"column":4},"end":{"line":29,"column":5}},{"start":{},"end":{}}],"line":27},"7":{"loc":{"start":{"line":31,"column":4},"end":{"line":34,"column":5}},"type":"if","locations":[{"start":{"line":31,"column":4},"end":{"line":34,"column":5}},{"start":{},"end":{}}],"line":31},"8":{"loc":{"start":{"line":31,"column":7},"end":{"line":31,"column":33}},"type":"binary-expr","locations":[{"start":{"line":31,"column":7},"end":{"line":31,"column":18}},{"start":{"line":31,"column":22},"end":{"line":31,"column":33}}],"line":31},"9":{"loc":{"start":{"line":40,"column":4},"end":{"line":42,"column":5}},"type":"if","locations":[{"start":{"line":40,"column":4},"end":{"line":42,"column":5}},{"start":{},"end":{}}],"line":40},"10":{"loc":{"start":{"line":40,"column":7},"end":{"line":40,"column":33}},"type":"binary-expr","locations":[{"start":{"line":40,"column":7},"end":{"line":40,"column":18}},{"start":{"line":40,"column":22},"end":{"line":40,"column":33}}],"line":40},"11":{"loc":{"start":{"line":48,"column":4},"end":{"line":50,"column":5}},"type":"if","locations":[{"start":{"line":48,"column":4},"end":{"line":50,"column":5}},{"start":{},"end":{}}],"line":48}},"s":{"0":5,"1":1,"2":4,"3":5,"4":1,"5":4,"6":8,"7":1,"8":7,"9":9,"10":1,"11":8,"12":1,"13":7,"14":9,"15":1,"16":8,"17":9,"18":1,"19":8,"20":1},"f":{"0":5,"1":5,"2":8,"3":9,"4":9,"5":9},"b":{"0":[1,4],"1":[5,4],"2":[1,4],"3":[5,4],"4":[1,7],"5":[8,7],"6":[1,8],"7":[1,7],"8":[8,7],"9":[1,8],"10":[9,8],"11":[1,8]},"_coverageSchema":"1a1c01bbd47fc00a2c39e90264f33305004495a9","hash":"3e081d39eb7b91d294f8a4365455d28559e16cbc"}
}
