TN:
SF:src\operacoes.js
FN:1,sum
FN:9,sub
FN:17,mult
FN:25,div
FN:39,pot
FN:47,raiz
FNF:6
FNH:6
FNDA:5,sum
FNDA:5,sub
FNDA:8,mult
FNDA:9,div
FNDA:9,pot
FNDA:9,raiz
DA:2,5
DA:3,1
DA:6,4
DA:10,5
DA:11,1
DA:14,4
DA:18,8
DA:19,1
DA:22,7
DA:27,9
DA:28,1
DA:31,8
DA:32,1
DA:36,7
DA:40,9
DA:41,1
DA:44,8
DA:48,9
DA:49,1
DA:52,8
DA:56,1
LF:21
LH:21
BRDA:2,0,0,1
BRDA:2,0,1,4
BRDA:2,1,0,5
BRDA:2,1,1,4
BRDA:10,2,0,1
BRDA:10,2,1,4
BRDA:10,3,0,5
BRDA:10,3,1,4
BRDA:18,4,0,1
BRDA:18,4,1,7
BRDA:18,5,0,8
BRDA:18,5,1,7
BRDA:27,6,0,1
BRDA:27,6,1,8
BRDA:31,7,0,1
BRDA:31,7,1,7
BRDA:31,8,0,8
BRDA:31,8,1,7
BRDA:40,9,0,1
BRDA:40,9,1,8
BRDA:40,10,0,9
BRDA:40,10,1,8
BRDA:48,11,0,1
BRDA:48,11,1,8
BRF:24
BRH:24
end_of_record
